<?xml version="1.0" encoding="UTF-8"?>
<!-- Generated by org.testng.reporters.JUnitXMLReporter -->
<testsuite hostname="LAPTOP-SR7ABN20" ignored="0" name="Default test" tests="4" failures="0" timestamp="18 Feb 2020 00:24:23 GMT" time="11.849" errors="0">
  <testcase name="verifyHomePageTitle" time="0.717" classname="wwtests.WWTests"/>
  <testcase name="verifySearchTitle" time="4.509" classname="wwtests.WWTests"/>
  <testcase name="verifySearch" time="5.66" classname="wwtests.WWTests"/>
  <testcase name="verifySearchDetails" time="0.923" classname="wwtests.WWTests"/>
</testsuite> <!-- Default test -->
