<?xml version="1.0" encoding="UTF-8"?>
<testng-results skipped="0" failed="0" ignored="0" total="4" passed="4">
  <reporter-output>
  </reporter-output>
  <suite name="Default suite" duration-ms="11849" started-at="2020-02-18T00:24:11Z" finished-at="2020-02-18T00:24:23Z">
    <groups>
    </groups>
    <test name="Default test" duration-ms="11849" started-at="2020-02-18T00:24:11Z" finished-at="2020-02-18T00:24:23Z">
      <class name="wwtests.WWTests">
        <test-method status="PASS" signature="beforeSuite()[pri:0, instance:wwtests.WWTests@224edc67]" name="beforeSuite" is-config="true" duration-ms="13980" started-at="2020-02-18T00:23:57Z" finished-at="2020-02-18T00:24:11Z">
          <reporter-output>
          </reporter-output>
        </test-method> <!-- beforeSuite -->
        <test-method status="PASS" signature="verifyHomePageTitle()[pri:0, instance:wwtests.WWTests@224edc67]" name="verifyHomePageTitle" duration-ms="717" started-at="2020-02-18T00:24:11Z" finished-at="2020-02-18T00:24:12Z">
          <reporter-output>
          </reporter-output>
        </test-method> <!-- verifyHomePageTitle -->
        <test-method status="PASS" signature="verifySearchTitle()[pri:1, instance:wwtests.WWTests@224edc67]" name="verifySearchTitle" duration-ms="4509" started-at="2020-02-18T00:24:12Z" depends-on-methods="wwtests.WWTests.verifyHomePageTitle" finished-at="2020-02-18T00:24:17Z">
          <reporter-output>
          </reporter-output>
        </test-method> <!-- verifySearchTitle -->
        <test-method status="PASS" signature="verifySearch()[pri:2, instance:wwtests.WWTests@224edc67]" name="verifySearch" duration-ms="5660" started-at="2020-02-18T00:24:17Z" finished-at="2020-02-18T00:24:22Z">
          <reporter-output>
          </reporter-output>
        </test-method> <!-- verifySearch -->
        <test-method status="PASS" signature="verifySearchDetails()[pri:3, instance:wwtests.WWTests@224edc67]" name="verifySearchDetails" duration-ms="923" started-at="2020-02-18T00:24:22Z" depends-on-methods="wwtests.WWTests.verifySearch" finished-at="2020-02-18T00:24:23Z">
          <reporter-output>
          </reporter-output>
        </test-method> <!-- verifySearchDetails -->
        <test-method status="PASS" signature="afterSuite()[pri:0, instance:wwtests.WWTests@224edc67]" name="afterSuite" is-config="true" duration-ms="231" started-at="2020-02-18T00:24:23Z" finished-at="2020-02-18T00:24:24Z">
          <reporter-output>
          </reporter-output>
        </test-method> <!-- afterSuite -->
      </class> <!-- wwtests.WWTests -->
    </test> <!-- Default test -->
  </suite> <!-- Default suite -->
</testng-results>
